<?xml version="1.0" encoding="UTF-8"?>
<testng-results ignored="0" total="1" passed="1" failed="0" skipped="0">
  <reporter-output>
  </reporter-output>
  <suite started-at="2023-10-10T07:29:42 IST" name="Default suite" finished-at="2023-10-10T07:29:42 IST" duration-ms="53">
    <groups>
    </groups>
    <test started-at="2023-10-10T07:29:42 IST" name="Default test" finished-at="2023-10-10T07:29:42 IST" duration-ms="53">
      <class name="Sample1.HelloWord">
        <test-method signature="test1()[pri:0, instance:Sample1.HelloWord@72967906]" started-at="2023-10-10T07:29:42 IST" name="test1" finished-at="2023-10-10T07:29:42 IST" duration-ms="9" status="PASS">
          <reporter-output>
          </reporter-output>
        </test-method> <!-- test1 -->
      </class> <!-- Sample1.HelloWord -->
    </test> <!-- Default test -->
  </suite> <!-- Default suite -->
</testng-results>
